
Showing logs for build [32mcb-kubecd-environment-pr-204-5-mxgz7-1[0m stage [32mfrom-build-pack[0m and container [32mstep-credential-initializer-q97tz[0m
{"level":"info","ts":1587098229.1361313,"logger":"fallback-logger","caller":"logging/config.go:69","msg":"Fetch GitHub commit ID from kodata failed: open /var/run/ko/refs/heads/0.8.0-ns-support: no such file or directory"}
{"level":"info","ts":1587098229.1368847,"logger":"fallback-logger","caller":"creds-init/main.go:40","msg":"Credentials initialized."}

Showing logs for build [32mcb-kubecd-environment-pr-204-5-mxgz7-1[0m stage [32mfrom-build-pack[0m and container [32mstep-working-dir-initializer-6v8cl[0m
{"level":"info","ts":1587098230.111687,"logger":"fallback-logger","caller":"logging/config.go:69","msg":"Fetch GitHub commit ID from kodata failed: open /var/run/ko/HEAD: no such file or directory"}
{"level":"info","ts":1587098230.1135306,"logger":"fallback-logger","caller":"bash/main.go:64","msg":"Successfully executed command \"sh -c mkdir -p /workspace/source\"; output "}

Showing logs for build [32mcb-kubecd-environment-pr-204-5-mxgz7-1[0m stage [32mfrom-build-pack[0m and container [32mstep-place-tools[0m

Showing logs for build [32mcb-kubecd-environment-pr-204-5-mxgz7-1[0m stage [32mfrom-build-pack[0m and container [32mstep-git-source-cb-kubecd-environment-pr-204-5-mxgz7-52f4m[0m
{"level":"info","ts":1587098233.212225,"logger":"fallback-logger","caller":"logging/config.go:69","msg":"Fetch GitHub commit ID from kodata failed: open /var/run/ko/refs/heads/0.8.0-ns-support: no such file or directory"}
{"level":"info","ts":1587098234.2057889,"logger":"fallback-logger","caller":"git/git.go:103","msg":"Successfully cloned https://github.com/cb-kubecd/environment-pr-204-5-boot-gke-production.git @ master in path /workspace/source"}

Showing logs for build [32mcb-kubecd-environment-pr-204-5-mxgz7-1[0m stage [32mfrom-build-pack[0m and container [32mstep-git-merge[0m
Using SHAs from PULL_REFS=master:380f39881b9a0c8fdd20fa17a2e3cc8531fd8ead,1:bd1e06f4b5bcb1be03f137e1994f00281bdc7e8f
DEBUG: LC_ALL=C JX_LOG_LEVEL=error git fetch origin --unshallow bd1e06f4b5bcb1be03f137e1994f00281bdc7e8f: 380f39881b9a0c8fdd20fa17a2e3cc8531fd8ead:
DEBUG: ran git fetch --unshallow origin bd1e06f4b5bcb1be03f137e1994f00281bdc7e8f: 380f39881b9a0c8fdd20fa17a2e3cc8531fd8ead: in 
DEBUG: LC_ALL=C JX_LOG_LEVEL=error git branch
DEBUG: LC_ALL=C JX_LOG_LEVEL=error git checkout master
DEBUG: ran git checkout master in 
DEBUG: JX_LOG_LEVEL=error LC_ALL=C git reset --hard 380f39881b9a0c8fdd20fa17a2e3cc8531fd8ead
DEBUG: ran git reset --hard 380f39881b9a0c8fdd20fa17a2e3cc8531fd8ead in 
DEBUG: LC_ALL=C JX_LOG_LEVEL=error git clean -fd .
DEBUG: ran clean --force -d . in 
DEBUG: LC_ALL=C JX_LOG_LEVEL=error git merge bd1e06f4b5bcb1be03f137e1994f00281bdc7e8f
DEBUG: ran git merge bd1e06f4b5bcb1be03f137e1994f00281bdc7e8f in 
DEBUG: LC_ALL=C JX_LOG_LEVEL=error git log --format=%H%x1f%an%x1f%ae%x1f%cn%x1f%ce%x1f%s%n%b%x1e 380f39881b9a0c8fdd20fa17a2e3cc8531fd8ead..HEAD
Merged SHA bd1e06f4b5bcb1be03f137e1994f00281bdc7e8f with commit message 'chore: Promote bdd-spring-1587097359 to version 0.0.1' into base branch master

Showing logs for build [32mcb-kubecd-environment-pr-204-5-mxgz7-1[0m stage [32mfrom-build-pack[0m and container [32mstep-build-helm-build[0m
WARNING: No $CHART_REPOSITORY defined so using the default value of: http://jenkins-x-chartmuseum:8080
Adding missing Helm repo: storage.googleapis.com https://storage.googleapis.com/chartmuseum.jenkins-x.io
WARNING: No secrets found on "helm/repos" due: reading the secret "helm/repos" from vault: no secret "helm/repos" not found in vault
Read credentials for https://storage.googleapis.com/chartmuseum.jenkins-x.io from vault helm/repos
Successfully added Helm repository storage.googleapis.com.
Adding missing Helm repo: jenkins-x-chartmuseum http://jenkins-x-chartmuseum:8080
WARNING: No secrets found on "helm/repos" due: reading the secret "helm/repos" from vault: no secret "helm/repos" not found in vault
Read credentials for http://jenkins-x-chartmuseum:8080 from vault helm/repos
Successfully added Helm repository jenkins-x-chartmuseum.
WARNING: No $CHART_REPOSITORY defined so using the default value of: http://jenkins-x-chartmuseum:8080
Adding missing Helm repo: chartmuseum.jenkins-x.io http://chartmuseum.jenkins-x.io
WARNING: No secrets found on "helm/repos" due: reading the secret "helm/repos" from vault: no secret "helm/repos" not found in vault
Read credentials for http://chartmuseum.jenkins-x.io from vault helm/repos
Successfully added Helm repository chartmuseum.jenkins-x.io.
